[debug] [2026-02-08T11:36:07.015Z] ----------------------------------------------------------------------
[debug] [2026-02-08T11:36:07.017Z] Command:       C:\Program Files\nodejs\node.exe C:\Users\user\AppData\Roaming\npm\node_modules\firebase-tools\lib\bin\firebase.js init
[debug] [2026-02-08T11:36:07.017Z] CLI Version:   15.5.1
[debug] [2026-02-08T11:36:07.017Z] Platform:      win32
[debug] [2026-02-08T11:36:07.017Z] Node Version:  v24.13.0
[debug] [2026-02-08T11:36:07.017Z] Time:          Sun Feb 08 2026 13:36:07 GMT+0200 (Austrumeiropas ziemas laiks)
[debug] [2026-02-08T11:36:07.017Z] ----------------------------------------------------------------------
[debug] 
[info] 
     ######## #### ########  ######## ########     ###     ######  ########
     ##        ##  ##     ## ##       ##     ##  ##   ##  ##       ##
     ######    ##  ########  ######   ########  #########  ######  ######
     ##        ##  ##    ##  ##       ##     ## ##     ##       ## ##
     ##       #### ##     ## ######## ########  ##     ##  ######  ########

You're about to initialize a Firebase project in this directory:

  H:\PROJECTS\AI-PROJECT-TEMPLATE

[info] 
=== Project Setup
[info] 
[info] First, let's associate this project directory with a Firebase project.
[info] You can create multiple project aliases by running firebase use --add, 
[info] 
[info] i  If you want to create a project in a Google Cloud organization or folder, please use "firebase projects:create" instead, and return to this command when you've created the project. 
[debug] [2026-02-08T11:37:47.101Z] > command requires scopes: ["email","openid","https://www.googleapis.com/auth/cloudplatformprojects.readonly","https://www.googleapis.com/auth/firebase","https://www.googleapis.com/auth/cloud-platform"]
[debug] [2026-02-08T11:37:47.101Z] > authorizing via signed-in user (helvija.projekti@gmail.com)
[debug] [2026-02-08T11:38:08.356Z] Checked if tokens are valid: true, expires at: 1770552395936
[debug] [2026-02-08T11:38:08.356Z] Checked if tokens are valid: true, expires at: 1770552395936
[debug] [2026-02-08T11:38:08.357Z] >>> [apiv2][query] POST https://firebase.googleapis.com/v1/projects:checkProjectId [none]
[debug] [2026-02-08T11:38:08.357Z] >>> [apiv2][body] POST https://firebase.googleapis.com/v1/projects:checkProjectId {"proposedId":"ai-project-template"}
[debug] [2026-02-08T11:38:08.501Z] <<< [apiv2][status] POST https://firebase.googleapis.com/v1/projects:checkProjectId 401
[debug] [2026-02-08T11:38:08.501Z] <<< [apiv2][body] POST https://firebase.googleapis.com/v1/projects:checkProjectId {"error":{"code":401,"message":"Request had invalid authentication credentials. Expected OAuth 2 access token, login cookie or other valid authentication credential. See https://developers.google.com/identity/sign-in/web/devconsole-project.","status":"UNAUTHENTICATED"}}
[debug] [2026-02-08T11:38:08.501Z] Got a 401 Unauthenticated error for a call that required authentication. Refreshing tokens.
[debug] [2026-02-08T11:38:08.501Z] Checked if tokens are valid: true, expires at: 1770552395936
[debug] [2026-02-08T11:38:08.501Z] Checked if tokens are valid: true, expires at: 1770552395936
[debug] [2026-02-08T11:38:08.502Z] Couldn't check if project ID ai-project-template is available. Original error: FirebaseError: Failed to check if project ID is available. See firebase-debug.log for more info.
[debug] [2026-02-08T11:38:26.695Z] Checked if tokens are valid: true, expires at: 1770552395936
[debug] [2026-02-08T11:38:26.695Z] >>> [apiv2][query] POST https://cloudresourcemanager.googleapis.com/v1/projects [none]
[debug] [2026-02-08T11:38:26.695Z] >>> [apiv2][body] POST https://cloudresourcemanager.googleapis.com/v1/projects {"projectId":"ai-project-template","name":"ai-project-template"}
[debug] [2026-02-08T11:38:27.441Z] <<< [apiv2][status] POST https://cloudresourcemanager.googleapis.com/v1/projects 401
[debug] [2026-02-08T11:38:27.441Z] <<< [apiv2][body] POST https://cloudresourcemanager.googleapis.com/v1/projects {"error":{"code":401,"message":"Request had invalid authentication credentials. Expected OAuth 2 access token, login cookie or other valid authentication credential. See https://developers.google.com/identity/sign-in/web/devconsole-project.","status":"UNAUTHENTICATED","details":[{"@type":"type.googleapis.com/google.rpc.ErrorInfo","reason":"ACCESS_TOKEN_TYPE_UNSUPPORTED","metadata":{"service":"cloudresourcemanager.googleapis.com","method":"google.cloudresourcemanager.v1.Projects.CreateProject"}}]}}
[debug] [2026-02-08T11:38:27.441Z] Got a 401 Unauthenticated error for a call that required authentication. Refreshing tokens.
[debug] [2026-02-08T11:38:27.441Z] Checked if tokens are valid: true, expires at: 1770552395936
[debug] [2026-02-08T11:38:27.441Z] Checked if tokens are valid: true, expires at: 1770552395936
[debug] [2026-02-08T11:38:27.442Z] FirebaseError: Request to https://cloudresourcemanager.googleapis.com/v1/projects had HTTP Error: 401, Request had invalid authentication credentials. Expected OAuth 2 access token, login cookie or other valid authentication credential. See https://developers.google.com/identity/sign-in/web/devconsole-project.
    at responseToError (C:\Users\user\AppData\Roaming\npm\node_modules\firebase-tools\lib\responseToError.js:53:12)
    at RetryOperation._fn (C:\Users\user\AppData\Roaming\npm\node_modules\firebase-tools\lib\apiv2.js:330:77)
    at process.processTicksAndRejections (node:internal/process/task_queues:103:5)
[error] 
[error] Error: Failed to create project. See firebase-debug.log for more info.
[debug] [2026-02-08T11:38:55.050Z] ----------------------------------------------------------------------
[debug] [2026-02-08T11:38:55.052Z] Command:       C:\Program Files\nodejs\node.exe C:\Users\user\AppData\Roaming\npm\node_modules\firebase-tools\lib\bin\firebase.js init
[debug] [2026-02-08T11:38:55.052Z] CLI Version:   15.5.1
[debug] [2026-02-08T11:38:55.053Z] Platform:      win32
[debug] [2026-02-08T11:38:55.053Z] Node Version:  v24.13.0
[debug] [2026-02-08T11:38:55.053Z] Time:          Sun Feb 08 2026 13:38:55 GMT+0200 (Austrumeiropas ziemas laiks)
[debug] [2026-02-08T11:38:55.053Z] ----------------------------------------------------------------------
[debug] 
[info] 
     ######## #### ########  ######## ########     ###     ######  ########
     ##        ##  ##     ## ##       ##     ##  ##   ##  ##       ##
     ######    ##  ########  ######   ########  #########  ######  ######
     ##        ##  ##    ##  ##       ##     ## ##     ##       ## ##
     ##       #### ##     ## ######## ########  ##     ##  ######  ########

You're about to initialize a Firebase project in this directory:

  H:\PROJECTS\AI-PROJECT-TEMPLATE

[info] 
=== Project Setup
[info] 
[info] First, let's associate this project directory with a Firebase project.
[info] You can create multiple project aliases by running firebase use --add, 
[info] 
[info] i  If you want to create a project in a Google Cloud organization or folder, please use "firebase projects:create" instead, and return to this command when you've created the project. 
[debug] [2026-02-08T11:40:08.234Z] > command requires scopes: ["email","openid","https://www.googleapis.com/auth/cloudplatformprojects.readonly","https://www.googleapis.com/auth/firebase","https://www.googleapis.com/auth/cloud-platform"]
[debug] [2026-02-08T11:40:08.235Z] > authorizing via signed-in user (helvija.projekti@gmail.com)
[debug] [2026-02-08T11:40:29.460Z] Checked if tokens are valid: true, expires at: 1770552395936
[debug] [2026-02-08T11:40:29.461Z] Checked if tokens are valid: true, expires at: 1770552395936
[debug] [2026-02-08T11:40:29.462Z] >>> [apiv2][query] POST https://firebase.googleapis.com/v1/projects:checkProjectId [none]
[debug] [2026-02-08T11:40:29.462Z] >>> [apiv2][body] POST https://firebase.googleapis.com/v1/projects:checkProjectId {"proposedId":"helvija-ai-template-01"}
[debug] [2026-02-08T11:40:29.608Z] <<< [apiv2][status] POST https://firebase.googleapis.com/v1/projects:checkProjectId 401
[debug] [2026-02-08T11:40:29.608Z] <<< [apiv2][body] POST https://firebase.googleapis.com/v1/projects:checkProjectId {"error":{"code":401,"message":"Request had invalid authentication credentials. Expected OAuth 2 access token, login cookie or other valid authentication credential. See https://developers.google.com/identity/sign-in/web/devconsole-project.","status":"UNAUTHENTICATED"}}
[debug] [2026-02-08T11:40:29.608Z] Got a 401 Unauthenticated error for a call that required authentication. Refreshing tokens.
[debug] [2026-02-08T11:40:29.608Z] Checked if tokens are valid: true, expires at: 1770552395936
[debug] [2026-02-08T11:40:29.608Z] Checked if tokens are valid: true, expires at: 1770552395936
[debug] [2026-02-08T11:40:29.609Z] Couldn't check if project ID helvija-ai-template-01 is available. Original error: FirebaseError: Failed to check if project ID is available. See firebase-debug.log for more info.
[debug] [2026-02-08T11:40:45.657Z] Checked if tokens are valid: true, expires at: 1770552395936
[debug] [2026-02-08T11:40:45.657Z] >>> [apiv2][query] POST https://cloudresourcemanager.googleapis.com/v1/projects [none]
[debug] [2026-02-08T11:40:45.658Z] >>> [apiv2][body] POST https://cloudresourcemanager.googleapis.com/v1/projects {"projectId":"helvija-ai-template-01","name":"helvija-ai-template-01"}
[debug] [2026-02-08T11:40:46.363Z] <<< [apiv2][status] POST https://cloudresourcemanager.googleapis.com/v1/projects 401
[debug] [2026-02-08T11:40:46.363Z] <<< [apiv2][body] POST https://cloudresourcemanager.googleapis.com/v1/projects {"error":{"code":401,"message":"Request had invalid authentication credentials. Expected OAuth 2 access token, login cookie or other valid authentication credential. See https://developers.google.com/identity/sign-in/web/devconsole-project.","status":"UNAUTHENTICATED","details":[{"@type":"type.googleapis.com/google.rpc.ErrorInfo","reason":"ACCESS_TOKEN_TYPE_UNSUPPORTED","metadata":{"method":"google.cloudresourcemanager.v1.Projects.CreateProject","service":"cloudresourcemanager.googleapis.com"}}]}}
[debug] [2026-02-08T11:40:46.363Z] Got a 401 Unauthenticated error for a call that required authentication. Refreshing tokens.
[debug] [2026-02-08T11:40:46.363Z] Checked if tokens are valid: true, expires at: 1770552395936
[debug] [2026-02-08T11:40:46.363Z] Checked if tokens are valid: true, expires at: 1770552395936
[debug] [2026-02-08T11:40:46.364Z] FirebaseError: Request to https://cloudresourcemanager.googleapis.com/v1/projects had HTTP Error: 401, Request had invalid authentication credentials. Expected OAuth 2 access token, login cookie or other valid authentication credential. See https://developers.google.com/identity/sign-in/web/devconsole-project.
    at responseToError (C:\Users\user\AppData\Roaming\npm\node_modules\firebase-tools\lib\responseToError.js:53:12)
    at RetryOperation._fn (C:\Users\user\AppData\Roaming\npm\node_modules\firebase-tools\lib\apiv2.js:330:77)
    at process.processTicksAndRejections (node:internal/process/task_queues:103:5)
[error] 
[error] Error: Failed to create project. See firebase-debug.log for more info.
